<?xml version="1.0" encoding="UTF-8"?>
<testsuite xmlns:xsi="http://www.w3.org/2001/XMLSchema-instance" xsi:noNamespaceSchemaLocation="https://maven.apache.org/surefire/maven-surefire-plugin/xsd/surefire-test-report.xsd" name="ru.netology.domain.RadioTest" time="0.095" tests="32" errors="0" skipped="0" failures="0">
  <properties>
    <property name="sun.desktop" value="windows"/>
    <property name="awt.toolkit" value="sun.awt.windows.WToolkit"/>
    <property name="java.specification.version" value="11"/>
    <property name="sun.cpu.isalist" value="amd64"/>
    <property name="sun.jnu.encoding" value="Cp1251"/>
    <property name="java.class.path" value="C:\Users\honor\.idea\libraries\rad\target\test-classes;C:\Users\honor\.idea\libraries\rad\target\classes;C:\Users\Алина\.m2\repository\org\junit\jupiter\junit-jupiter\5.8.1\junit-jupiter-5.8.1.jar;C:\Users\Алина\.m2\repository\org\junit\jupiter\junit-jupiter-api\5.8.1\junit-jupiter-api-5.8.1.jar;C:\Users\Алина\.m2\repository\org\opentest4j\opentest4j\1.2.0\opentest4j-1.2.0.jar;C:\Users\Алина\.m2\repository\org\junit\platform\junit-platform-commons\1.8.1\junit-platform-commons-1.8.1.jar;C:\Users\Алина\.m2\repository\org\apiguardian\apiguardian-api\1.1.2\apiguardian-api-1.1.2.jar;C:\Users\Алина\.m2\repository\org\junit\jupiter\junit-jupiter-params\5.8.1\junit-jupiter-params-5.8.1.jar;C:\Users\Алина\.m2\repository\org\junit\jupiter\junit-jupiter-engine\5.8.1\junit-jupiter-engine-5.8.1.jar;C:\Users\Алина\.m2\repository\org\junit\platform\junit-platform-engine\1.8.1\junit-platform-engine-1.8.1.jar;"/>
    <property name="java.vm.vendor" value="Oracle Corporation"/>
    <property name="sun.arch.data.model" value="64"/>
    <property name="user.variant" value=""/>
    <property name="java.vendor.url" value="http://java.oracle.com/"/>
    <property name="user.timezone" value="Europe/Moscow"/>
    <property name="java.vm.specification.version" value="11"/>
    <property name="os.name" value="Windows 10"/>
    <property name="sun.java.launcher" value="SUN_STANDARD"/>
    <property name="user.country" value="RU"/>
    <property name="sun.boot.library.path" value="C:\Program Files\Java\jdk-11.0.6\bin"/>
    <property name="sun.java.command" value="C:\Users\8ADB~1\AppData\Local\Temp\surefire7992909762164072869\surefirebooter6256727360939574441.jar C:\Users\Алина\AppData\Local\Temp\surefire7992909762164072869 2022-03-23T13-34-34_263-jvmRun1 surefire7818516820326089753tmp surefire_015773087756390044108tmp"/>
    <property name="jdk.debug" value="release"/>
    <property name="surefire.test.class.path" value="C:\Users\honor\.idea\libraries\rad\target\test-classes;C:\Users\honor\.idea\libraries\rad\target\classes;C:\Users\Алина\.m2\repository\org\junit\jupiter\junit-jupiter\5.8.1\junit-jupiter-5.8.1.jar;C:\Users\Алина\.m2\repository\org\junit\jupiter\junit-jupiter-api\5.8.1\junit-jupiter-api-5.8.1.jar;C:\Users\Алина\.m2\repository\org\opentest4j\opentest4j\1.2.0\opentest4j-1.2.0.jar;C:\Users\Алина\.m2\repository\org\junit\platform\junit-platform-commons\1.8.1\junit-platform-commons-1.8.1.jar;C:\Users\Алина\.m2\repository\org\apiguardian\apiguardian-api\1.1.2\apiguardian-api-1.1.2.jar;C:\Users\Алина\.m2\repository\org\junit\jupiter\junit-jupiter-params\5.8.1\junit-jupiter-params-5.8.1.jar;C:\Users\Алина\.m2\repository\org\junit\jupiter\junit-jupiter-engine\5.8.1\junit-jupiter-engine-5.8.1.jar;C:\Users\Алина\.m2\repository\org\junit\platform\junit-platform-engine\1.8.1\junit-platform-engine-1.8.1.jar;"/>
    <property name="sun.cpu.endian" value="little"/>
    <property name="user.home" value="C:\Users\Алина"/>
    <property name="user.language" value="ru"/>
    <property name="java.specification.vendor" value="Oracle Corporation"/>
    <property name="java.version.date" value="2020-01-14"/>
    <property name="java.home" value="C:\Program Files\Java\jdk-11.0.6"/>
    <property name="file.separator" value="\"/>
    <property name="basedir" value="C:\Users\honor\.idea\libraries\rad"/>
    <property name="java.vm.compressedOopsMode" value="Zero based"/>
    <property name="line.separator" value="&#10;"/>
    <property name="java.specification.name" value="Java Platform API Specification"/>
    <property name="java.vm.specification.vendor" value="Oracle Corporation"/>
    <property name="java.awt.graphicsenv" value="sun.awt.Win32GraphicsEnvironment"/>
    <property name="surefire.real.class.path" value="C:\Users\8ADB~1\AppData\Local\Temp\surefire7992909762164072869\surefirebooter6256727360939574441.jar"/>
    <property name="user.script" value=""/>
    <property name="sun.management.compiler" value="HotSpot 64-Bit Tiered Compilers"/>
    <property name="java.runtime.version" value="11.0.6+8-LTS"/>
    <property name="user.name" value="Алина"/>
    <property name="path.separator" value=";"/>
    <property name="os.version" value="10.0"/>
    <property name="java.runtime.name" value="Java(TM) SE Runtime Environment"/>
    <property name="file.encoding" value="Cp1251"/>
    <property name="java.vm.name" value="Java HotSpot(TM) 64-Bit Server VM"/>
    <property name="java.vendor.version" value="18.9"/>
    <property name="localRepository" value="C:\Users\Алина\.m2\repository"/>
    <property name="java.vendor.url.bug" value="http://bugreport.java.com/bugreport/"/>
    <property name="java.io.tmpdir" value="C:\Users\8ADB~1\AppData\Local\Temp\"/>
    <property name="idea.version" value="2021.3.2"/>
    <property name="java.version" value="11.0.6"/>
    <property name="user.dir" value="C:\Users\honor\.idea\libraries\rad"/>
    <property name="os.arch" value="amd64"/>
    <property name="java.vm.specification.name" value="Java Virtual Machine Specification"/>
    <property name="java.awt.printerjob" value="sun.awt.windows.WPrinterJob"/>
    <property name="sun.os.patch.level" value=""/>
    <property name="java.library.path" value="C:\Program Files\Java\jdk-11.0.6\bin;C:\WINDOWS\Sun\Java\bin;C:\WINDOWS\system32;C:\WINDOWS;C:\Program Files\Eclipse Foundation\jdk-11.0.12.7-hotspot\bin;C:\WINDOWS\system32;C:\WINDOWS;C:\WINDOWS\System32\Wbem;C:\WINDOWS\System32\WindowsPowerShell\v1.0\;C:\WINDOWS\System32\OpenSSH\;C:\Program Files\Git\cmd;C:\Users\Алина\AppData\Local\Programs\Python\Python310\Scripts\;C:\Users\Алина\AppData\Local\Programs\Python\Python310\;C:\Users\Алина\AppData\Local\Microsoft\WindowsApps;C:\Users\Алина\AppData\Local\GitHubDesktop\bin;."/>
    <property name="java.vendor" value="Oracle Corporation"/>
    <property name="java.vm.info" value="mixed mode"/>
    <property name="java.vm.version" value="11.0.6+8-LTS"/>
    <property name="sun.io.unicode.encoding" value="UnicodeLittle"/>
    <property name="java.class.version" value="55.0"/>
  </properties>
  <testcase name="shouldPrevStationOverMaximum" classname="ru.netology.domain.RadioTest" time="0.038"/>
  <testcase name="shouldNextStationInRangeDefault" classname="ru.netology.domain.RadioTest" time="0"/>
  <testcase name="shouldSetStationUnderMinimum" classname="ru.netology.domain.RadioTest" time="0.001"/>
  <testcase name="shouldIncreaseVolumeInRange" classname="ru.netology.domain.RadioTest" time="0.001"/>
  <testcase name="shouldSetStationInRangeDefault" classname="ru.netology.domain.RadioTest" time="0.001"/>
  <testcase name="shouldSetStationOnMaximumDefault" classname="ru.netology.domain.RadioTest" time="0.001"/>
  <testcase name="shouldPrevStationOnMaximumDefault" classname="ru.netology.domain.RadioTest" time="0.001"/>
  <testcase name="shouldSetStationOverMaximumDefault" classname="ru.netology.domain.RadioTest" time="0.001"/>
  <testcase name="shouldPrevStationOnMinimumDefault" classname="ru.netology.domain.RadioTest" time="0"/>
  <testcase name="shouldPrevStationInRange" classname="ru.netology.domain.RadioTest" time="0"/>
  <testcase name="shouldNextStationOnMaximum" classname="ru.netology.domain.RadioTest" time="0.001"/>
  <testcase name="shouldDecreaseVolumeOnMaximum" classname="ru.netology.domain.RadioTest" time="0"/>
  <testcase name="shouldNextStationOnMinimum" classname="ru.netology.domain.RadioTest" time="0.001"/>
  <testcase name="shouldDecreaseVolumeOnMinimum" classname="ru.netology.domain.RadioTest" time="0"/>
  <testcase name="shouldPrevStationInRangeDefault" classname="ru.netology.domain.RadioTest" time="0.001"/>
  <testcase name="shouldNextStationOnMaximumDefault" classname="ru.netology.domain.RadioTest" time="0.002"/>
  <testcase name="shouldIncreaseVolumeOnMaximum" classname="ru.netology.domain.RadioTest" time="0.001"/>
  <testcase name="shouldSetStationOnMaximum" classname="ru.netology.domain.RadioTest" time="0.001"/>
  <testcase name="shouldIncreaseVolumeOnMinimum" classname="ru.netology.domain.RadioTest" time="0.001"/>
  <testcase name="shouldSetStationOnMinimum" classname="ru.netology.domain.RadioTest" time="0.001"/>
  <testcase name="shouldSetVolumeOverMaximum" classname="ru.netology.domain.RadioTest" time="0.001"/>
  <testcase name="shouldPrevStationOverMaximumDefault" classname="ru.netology.domain.RadioTest" time="0"/>
  <testcase name="shouldSetVolumeInRange" classname="ru.netology.domain.RadioTest" time="0"/>
  <testcase name="shouldSetStationOverMaximum" classname="ru.netology.domain.RadioTest" time="0"/>
  <testcase name="shouldPrevStationOnMaximum" classname="ru.netology.domain.RadioTest" time="0"/>
  <testcase name="shouldSetVolumeOnMaximum" classname="ru.netology.domain.RadioTest" time="0"/>
  <testcase name="shouldDecreaseVolumeInRange" classname="ru.netology.domain.RadioTest" time="0"/>
  <testcase name="shouldPrevStationOnMinimum" classname="ru.netology.domain.RadioTest" time="0"/>
  <testcase name="shouldNextStationInRange" classname="ru.netology.domain.RadioTest" time="0.008"/>
  <testcase name="shouldSetVolumeOnMinimum" classname="ru.netology.domain.RadioTest" time="0"/>
  <testcase name="shouldSetVolumeUnderMinimum" classname="ru.netology.domain.RadioTest" time="0"/>
  <testcase name="shouldSetStationInRange" classname="ru.netology.domain.RadioTest" time="0"/>
</testsuite>